<?xml version="1.0" encoding="UTF-8"?>
<!-- Generated by org.testng.reporters.JUnitXMLReporter -->
<testsuite ignored="0" hostname="Acartus-16" failures="0" tests="13" name="Test" time="132.678" errors="0" timestamp="2024-09-27T17:25:43 IST">
  <testcase classname="myAppAndroid.myAppTestCases.TestCase_01" name="verify_Accessibility_Click" time="0.902"/>
  <testcase classname="myAppAndroid.myAppTestCases.TestCase_01" name="verify_Animation_Click" time="0.856"/>
  <testcase classname="myAppAndroid.myAppTestCases.TestCase_01" name="verify_App_Click" time="0.831"/>
  <testcase classname="myAppAndroid.myAppTestCases.TestCase_01" name="verify_Content_Click" time="0.821"/>
  <testcase classname="myAppAndroid.myAppTestCases.TestCase_01" name="verify_Graphics_Click" time="0.832"/>
  <testcase classname="myAppAndroid.myAppTestCases.TestCase_01" name="verify_Media_Click" time="0.811"/>
  <testcase classname="myAppAndroid.myAppTestCases.TestCase_01" name="verify_Nfc_Click" time="0.806"/>
  <testcase classname="myAppAndroid.myAppTestCases.TestCase_01" name="verify_Os_Click" time="0.815"/>
  <testcase classname="myAppAndroid.myAppTestCases.TestCase_01" name="verify_Preference_Click" time="0.805"/>
  <testcase classname="myAppAndroid.myAppTestCases.TestCase_01" name="verify_Text_Click" time="0.807"/>
  <testcase classname="myAppAndroid.myAppTestCases.TestCase_01" name="verify_Views_Click" time="0.818"/>
  <testcase classname="myAppAndroid.myAppTestCases.TestCase_02" name="test_Case_Long_Click" time="6.645"/>
  <testcase classname="myAppAndroid.myAppTestCases.TestCase_02" name="test_Case_Scroll" time="5.046"/>
</testsuite> <!-- Test -->
