<?xml version="1.0" encoding="UTF-8"?>
<testng-results ignored="0" total="2" passed="2" failed="0" skipped="0">
  <reporter-output>
  </reporter-output>
  <suite started-at="2024-10-08T14:29:21 IST" name="Default suite" finished-at="2024-10-08T14:30:38 IST" duration-ms="77449">
    <groups>
    </groups>
    <test started-at="2024-10-08T14:29:21 IST" name="Default test" finished-at="2024-10-08T14:30:38 IST" duration-ms="77449">
      <class name="myAppAndroid.myAppTestCases.TestCase_02">
        <test-method is-config="true" signature="startUp()[pri:0, instance:myAppAndroid.myAppTestCases.TestCase_02@31190526]" started-at="2024-10-08T14:29:21 IST" name="startUp" finished-at="2024-10-08T14:29:51 IST" duration-ms="30603" status="PASS">
          <reporter-output>
          </reporter-output>
        </test-method> <!-- startUp -->
        <test-method signature="test_Case_Long_Click()[pri:0, instance:myAppAndroid.myAppTestCases.TestCase_02@31190526]" started-at="2024-10-08T14:29:51 IST" name="test_Case_Long_Click" finished-at="2024-10-08T14:30:02 IST" duration-ms="10144" status="PASS">
          <reporter-output>
          </reporter-output>
        </test-method> <!-- test_Case_Long_Click -->
        <test-method is-config="true" signature="navigate_Back()[pri:0, instance:myAppAndroid.myAppTestCases.TestCase_02@31190526]" started-at="2024-10-08T14:30:02 IST" name="navigate_Back" finished-at="2024-10-08T14:30:19 IST" duration-ms="17504" status="PASS">
          <reporter-output>
          </reporter-output>
        </test-method> <!-- navigate_Back -->
        <test-method signature="test_Case_Scroll()[pri:0, instance:myAppAndroid.myAppTestCases.TestCase_02@31190526]" started-at="2024-10-08T14:30:19 IST" name="test_Case_Scroll" finished-at="2024-10-08T14:30:26 IST" duration-ms="6957" status="PASS">
          <reporter-output>
          </reporter-output>
        </test-method> <!-- test_Case_Scroll -->
        <test-method is-config="true" signature="navigate_Back()[pri:0, instance:myAppAndroid.myAppTestCases.TestCase_02@31190526]" started-at="2024-10-08T14:30:26 IST" name="navigate_Back" finished-at="2024-10-08T14:30:38 IST" duration-ms="12157" status="PASS">
          <reporter-output>
          </reporter-output>
        </test-method> <!-- navigate_Back -->
      </class> <!-- myAppAndroid.myAppTestCases.TestCase_02 -->
    </test> <!-- Default test -->
  </suite> <!-- Default suite -->
</testng-results>
