<?xml version="1.0" encoding="UTF-8"?>
<testng-results ignored="0" total="13" passed="13" failed="0" skipped="0">
  <reporter-output>
  </reporter-output>
  <suite started-at="2024-09-27T17:23:30 IST" name="Suite" finished-at="2024-09-27T17:25:43 IST" duration-ms="132678">
    <groups>
    </groups>
    <test started-at="2024-09-27T17:23:30 IST" name="Test" finished-at="2024-09-27T17:25:43 IST" duration-ms="132678">
      <class name="myAppAndroid.myAppTestCases.TestCase_02">
        <test-method is-config="true" signature="startUp()[pri:0, instance:myAppAndroid.myAppTestCases.TestCase_02@7eac9008]" started-at="2024-09-27T17:24:56 IST" name="startUp" finished-at="2024-09-27T17:25:02 IST" duration-ms="5663" status="PASS">
          <reporter-output>
          </reporter-output>
        </test-method> <!-- startUp -->
        <test-method signature="test_Case_Long_Click()[pri:0, instance:myAppAndroid.myAppTestCases.TestCase_02@7eac9008]" started-at="2024-09-27T17:25:02 IST" name="test_Case_Long_Click" finished-at="2024-09-27T17:25:08 IST" duration-ms="6645" status="PASS">
          <reporter-output>
          </reporter-output>
        </test-method> <!-- test_Case_Long_Click -->
        <test-method is-config="true" signature="navigate_Back()[pri:0, instance:myAppAndroid.myAppTestCases.TestCase_02@7eac9008]" started-at="2024-09-27T17:25:08 IST" name="navigate_Back" finished-at="2024-09-27T17:25:26 IST" duration-ms="17395" status="PASS">
          <reporter-output>
          </reporter-output>
        </test-method> <!-- navigate_Back -->
        <test-method signature="test_Case_Scroll()[pri:0, instance:myAppAndroid.myAppTestCases.TestCase_02@7eac9008]" started-at="2024-09-27T17:25:26 IST" name="test_Case_Scroll" finished-at="2024-09-27T17:25:31 IST" duration-ms="5046" status="PASS">
          <reporter-output>
          </reporter-output>
        </test-method> <!-- test_Case_Scroll -->
        <test-method is-config="true" signature="navigate_Back()[pri:0, instance:myAppAndroid.myAppTestCases.TestCase_02@7eac9008]" started-at="2024-09-27T17:25:31 IST" name="navigate_Back" finished-at="2024-09-27T17:25:43 IST" duration-ms="11714" status="PASS">
          <reporter-output>
          </reporter-output>
        </test-method> <!-- navigate_Back -->
      </class> <!-- myAppAndroid.myAppTestCases.TestCase_02 -->
      <class name="myAppAndroid.myAppTestCases.TestCase_01">
        <test-method is-config="true" signature="startUp()[pri:0, instance:myAppAndroid.myAppTestCases.TestCase_01@6f03482]" started-at="2024-09-27T17:23:30 IST" name="startUp" finished-at="2024-09-27T17:23:39 IST" duration-ms="9314" status="PASS">
          <reporter-output>
          </reporter-output>
        </test-method> <!-- startUp -->
        <test-method signature="verify_Accessibility_Click()[pri:0, instance:myAppAndroid.myAppTestCases.TestCase_01@6f03482]" started-at="2024-09-27T17:23:39 IST" name="verify_Accessibility_Click" finished-at="2024-09-27T17:23:40 IST" duration-ms="902" status="PASS">
          <reporter-output>
          </reporter-output>
        </test-method> <!-- verify_Accessibility_Click -->
        <test-method is-config="true" signature="navigate_Back()[pri:0, instance:myAppAndroid.myAppTestCases.TestCase_01@6f03482]" started-at="2024-09-27T17:23:40 IST" name="navigate_Back" finished-at="2024-09-27T17:23:46 IST" duration-ms="6176" status="PASS">
          <reporter-output>
          </reporter-output>
        </test-method> <!-- navigate_Back -->
        <test-method signature="verify_Animation_Click()[pri:0, instance:myAppAndroid.myAppTestCases.TestCase_01@6f03482]" started-at="2024-09-27T17:23:46 IST" name="verify_Animation_Click" finished-at="2024-09-27T17:23:47 IST" duration-ms="856" status="PASS">
          <reporter-output>
          </reporter-output>
        </test-method> <!-- verify_Animation_Click -->
        <test-method is-config="true" signature="navigate_Back()[pri:0, instance:myAppAndroid.myAppTestCases.TestCase_01@6f03482]" started-at="2024-09-27T17:23:47 IST" name="navigate_Back" finished-at="2024-09-27T17:23:53 IST" duration-ms="6141" status="PASS">
          <reporter-output>
          </reporter-output>
        </test-method> <!-- navigate_Back -->
        <test-method signature="verify_App_Click()[pri:0, instance:myAppAndroid.myAppTestCases.TestCase_01@6f03482]" started-at="2024-09-27T17:23:53 IST" name="verify_App_Click" finished-at="2024-09-27T17:23:54 IST" duration-ms="831" status="PASS">
          <reporter-output>
          </reporter-output>
        </test-method> <!-- verify_App_Click -->
        <test-method is-config="true" signature="navigate_Back()[pri:0, instance:myAppAndroid.myAppTestCases.TestCase_01@6f03482]" started-at="2024-09-27T17:23:54 IST" name="navigate_Back" finished-at="2024-09-27T17:24:00 IST" duration-ms="6163" status="PASS">
          <reporter-output>
          </reporter-output>
        </test-method> <!-- navigate_Back -->
        <test-method signature="verify_Content_Click()[pri:0, instance:myAppAndroid.myAppTestCases.TestCase_01@6f03482]" started-at="2024-09-27T17:24:00 IST" name="verify_Content_Click" finished-at="2024-09-27T17:24:01 IST" duration-ms="821" status="PASS">
          <reporter-output>
          </reporter-output>
        </test-method> <!-- verify_Content_Click -->
        <test-method is-config="true" signature="navigate_Back()[pri:0, instance:myAppAndroid.myAppTestCases.TestCase_01@6f03482]" started-at="2024-09-27T17:24:01 IST" name="navigate_Back" finished-at="2024-09-27T17:24:07 IST" duration-ms="6161" status="PASS">
          <reporter-output>
          </reporter-output>
        </test-method> <!-- navigate_Back -->
        <test-method signature="verify_Graphics_Click()[pri:0, instance:myAppAndroid.myAppTestCases.TestCase_01@6f03482]" started-at="2024-09-27T17:24:07 IST" name="verify_Graphics_Click" finished-at="2024-09-27T17:24:08 IST" duration-ms="832" status="PASS">
          <reporter-output>
          </reporter-output>
        </test-method> <!-- verify_Graphics_Click -->
        <test-method is-config="true" signature="navigate_Back()[pri:0, instance:myAppAndroid.myAppTestCases.TestCase_01@6f03482]" started-at="2024-09-27T17:24:08 IST" name="navigate_Back" finished-at="2024-09-27T17:24:14 IST" duration-ms="6135" status="PASS">
          <reporter-output>
          </reporter-output>
        </test-method> <!-- navigate_Back -->
        <test-method signature="verify_Media_Click()[pri:0, instance:myAppAndroid.myAppTestCases.TestCase_01@6f03482]" started-at="2024-09-27T17:24:14 IST" name="verify_Media_Click" finished-at="2024-09-27T17:24:15 IST" duration-ms="811" status="PASS">
          <reporter-output>
          </reporter-output>
        </test-method> <!-- verify_Media_Click -->
        <test-method is-config="true" signature="navigate_Back()[pri:0, instance:myAppAndroid.myAppTestCases.TestCase_01@6f03482]" started-at="2024-09-27T17:24:15 IST" name="navigate_Back" finished-at="2024-09-27T17:24:21 IST" duration-ms="6140" status="PASS">
          <reporter-output>
          </reporter-output>
        </test-method> <!-- navigate_Back -->
        <test-method signature="verify_Nfc_Click()[pri:0, instance:myAppAndroid.myAppTestCases.TestCase_01@6f03482]" started-at="2024-09-27T17:24:21 IST" name="verify_Nfc_Click" finished-at="2024-09-27T17:24:22 IST" duration-ms="806" status="PASS">
          <reporter-output>
          </reporter-output>
        </test-method> <!-- verify_Nfc_Click -->
        <test-method is-config="true" signature="navigate_Back()[pri:0, instance:myAppAndroid.myAppTestCases.TestCase_01@6f03482]" started-at="2024-09-27T17:24:22 IST" name="navigate_Back" finished-at="2024-09-27T17:24:28 IST" duration-ms="6173" status="PASS">
          <reporter-output>
          </reporter-output>
        </test-method> <!-- navigate_Back -->
        <test-method signature="verify_Os_Click()[pri:0, instance:myAppAndroid.myAppTestCases.TestCase_01@6f03482]" started-at="2024-09-27T17:24:28 IST" name="verify_Os_Click" finished-at="2024-09-27T17:24:29 IST" duration-ms="815" status="PASS">
          <reporter-output>
          </reporter-output>
        </test-method> <!-- verify_Os_Click -->
        <test-method is-config="true" signature="navigate_Back()[pri:0, instance:myAppAndroid.myAppTestCases.TestCase_01@6f03482]" started-at="2024-09-27T17:24:29 IST" name="navigate_Back" finished-at="2024-09-27T17:24:35 IST" duration-ms="6152" status="PASS">
          <reporter-output>
          </reporter-output>
        </test-method> <!-- navigate_Back -->
        <test-method signature="verify_Preference_Click()[pri:0, instance:myAppAndroid.myAppTestCases.TestCase_01@6f03482]" started-at="2024-09-27T17:24:35 IST" name="verify_Preference_Click" finished-at="2024-09-27T17:24:36 IST" duration-ms="805" status="PASS">
          <reporter-output>
          </reporter-output>
        </test-method> <!-- verify_Preference_Click -->
        <test-method is-config="true" signature="navigate_Back()[pri:0, instance:myAppAndroid.myAppTestCases.TestCase_01@6f03482]" started-at="2024-09-27T17:24:36 IST" name="navigate_Back" finished-at="2024-09-27T17:24:42 IST" duration-ms="6194" status="PASS">
          <reporter-output>
          </reporter-output>
        </test-method> <!-- navigate_Back -->
        <test-method signature="verify_Text_Click()[pri:0, instance:myAppAndroid.myAppTestCases.TestCase_01@6f03482]" started-at="2024-09-27T17:24:42 IST" name="verify_Text_Click" finished-at="2024-09-27T17:24:43 IST" duration-ms="807" status="PASS">
          <reporter-output>
          </reporter-output>
        </test-method> <!-- verify_Text_Click -->
        <test-method is-config="true" signature="navigate_Back()[pri:0, instance:myAppAndroid.myAppTestCases.TestCase_01@6f03482]" started-at="2024-09-27T17:24:43 IST" name="navigate_Back" finished-at="2024-09-27T17:24:49 IST" duration-ms="6140" status="PASS">
          <reporter-output>
          </reporter-output>
        </test-method> <!-- navigate_Back -->
        <test-method signature="verify_Views_Click()[pri:0, instance:myAppAndroid.myAppTestCases.TestCase_01@6f03482]" started-at="2024-09-27T17:24:49 IST" name="verify_Views_Click" finished-at="2024-09-27T17:24:50 IST" duration-ms="818" status="PASS">
          <reporter-output>
          </reporter-output>
        </test-method> <!-- verify_Views_Click -->
        <test-method is-config="true" signature="navigate_Back()[pri:0, instance:myAppAndroid.myAppTestCases.TestCase_01@6f03482]" started-at="2024-09-27T17:24:50 IST" name="navigate_Back" finished-at="2024-09-27T17:24:56 IST" duration-ms="6161" status="PASS">
          <reporter-output>
          </reporter-output>
        </test-method> <!-- navigate_Back -->
      </class> <!-- myAppAndroid.myAppTestCases.TestCase_01 -->
    </test> <!-- Test -->
  </suite> <!-- Suite -->
</testng-results>
